# JRE version: Java(TM) SE Runtime Environment (8.0_101-b13) (build 1.8.0_101-b13)
# Java VM: Java HotSpot(TM) 64-Bit Server VM (25.101-b13 mixed mode windows-amd64 compressed oops)
Heap:
 PSYoungGen      total 130560K, used 12154K [0x00000000eab00000, 0x00000000f4700000, 0x0000000100000000)
  eden space 118272K, 0% used [0x00000000eab00000,0x00000000eab00000,0x00000000f1e80000)
  from space 12288K, 98% used [0x00000000f2c00000,0x00000000f37dea20,0x00000000f3800000)
  to   space 13824K, 0% used [0x00000000f1e80000,0x00000000f1e80000,0x00000000f2c00000)
 ParOldGen       total 65536K, used 12260K [0x00000000c0000000, 0x00000000c4000000, 0x00000000eab00000)
  object space 65536K, 18% used [0x00000000c0000000,0x00000000c0bf92b0,0x00000000c4000000)
 Metaspace       used 34730K, capacity 35326K, committed 35456K, reserved 1079296K
  class space    used 4802K, capacity 4919K, committed 4992K, reserved 1048576K
GC Heap History (10 events):
Event: 2.188 GC heap after
Heap after GC invocations=5 (full 1):
 PSYoungGen      total 71680K, used 0K [0x00000000eab00000, 0x00000000ef600000, 0x0000000100000000)
  eden space 66560K, 0% used [0x00000000eab00000,0x00000000eab00000,0x00000000eec00000)
  from space 5120K, 0% used [0x00000000ef100000,0x00000000ef100000,0x00000000ef600000)
  to   space 5120K, 0% used [0x00000000eec00000,0x00000000eec00000,0x00000000ef100000)
 ParOldGen       total 65536K, used 8447K [0x00000000c0000000, 0x00000000c4000000, 0x00000000eab00000)
  object space 65536K, 12% used [0x00000000c0000000,0x00000000c083fdd0,0x00000000c4000000)
 Metaspace       used 20883K, capacity 21212K, committed 21296K, reserved 1067008K
  class space    used 2814K, capacity 2937K, committed 2944K, reserved 1048576K
}
Event: 4.091 GC heap before
{Heap before GC invocations=6 (full 1):
 PSYoungGen      total 71680K, used 66560K [0x00000000eab00000, 0x00000000ef600000, 0x0000000100000000)
  eden space 66560K, 100% used [0x00000000eab00000,0x00000000eec00000,0x00000000eec00000)
  from space 5120K, 0% used [0x00000000ef100000,0x00000000ef100000,0x00000000ef600000)
  to   space 5120K, 0% used [0x00000000eec00000,0x00000000eec00000,0x00000000ef100000)
 ParOldGen       total 65536K, used 8447K [0x00000000c0000000, 0x00000000c4000000, 0x00000000eab00000)
  object space 65536K, 12% used [0x00000000c0000000,0x00000000c083fdd0,0x00000000c4000000)
 Metaspace       used 26078K, capacity 26418K, committed 26624K, reserved 1073152K
  class space    used 3674K, capacity 3791K, committed 3840K, reserved 1048576K
Event: 4.099 GC heap after
Heap after GC invocations=6 (full 1):
 PSYoungGen      total 71680K, used 5103K [0x00000000eab00000, 0x00000000f1a00000, 0x0000000100000000)
  eden space 66560K, 0% used [0x00000000eab00000,0x00000000eab00000,0x00000000eec00000)
  from space 5120K, 99% used [0x00000000eec00000,0x00000000ef0fbd90,0x00000000ef100000)
  to   space 10240K, 0% used [0x00000000f1000000,0x00000000f1000000,0x00000000f1a00000)
 ParOldGen       total 65536K, used 10811K [0x00000000c0000000, 0x00000000c4000000, 0x00000000eab00000)
  object space 65536K, 16% used [0x00000000c0000000,0x00000000c0a8eec0,0x00000000c4000000)
 Metaspace       used 26078K, capacity 26418K, committed 26624K, reserved 1073152K
  class space    used 3674K, capacity 3791K, committed 3840K, reserved 1048576K
}
Event: 5.279 GC heap before
{Heap before GC invocations=7 (full 1):
 PSYoungGen      total 71680K, used 71663K [0x00000000eab00000, 0x00000000f1a00000, 0x0000000100000000)
  eden space 66560K, 100% used [0x00000000eab00000,0x00000000eec00000,0x00000000eec00000)
  from space 5120K, 99% used [0x00000000eec00000,0x00000000ef0fbd90,0x00000000ef100000)
  to   space 10240K, 0% used [0x00000000f1000000,0x00000000f1000000,0x00000000f1a00000)
 ParOldGen       total 65536K, used 10811K [0x00000000c0000000, 0x00000000c4000000, 0x00000000eab00000)
  object space 65536K, 16% used [0x00000000c0000000,0x00000000c0a8eec0,0x00000000c4000000)
 Metaspace       used 27734K, capacity 28170K, committed 28416K, reserved 1073152K
  class space    used 3856K, capacity 3987K, committed 4096K, reserved 1048576K
Event: 5.284 GC heap after
Heap after GC invocations=7 (full 1):
 PSYoungGen      total 97280K, used 4893K [0x00000000eab00000, 0x00000000f1700000, 0x0000000100000000)
  eden space 90112K, 0% used [0x00000000eab00000,0x00000000eab00000,0x00000000f0300000)
  from space 7168K, 68% used [0x00000000f1000000,0x00000000f14c75f8,0x00000000f1700000)
  to   space 10240K, 0% used [0x00000000f0300000,0x00000000f0300000,0x00000000f0d00000)
 ParOldGen       total 65536K, used 10819K [0x00000000c0000000, 0x00000000c4000000, 0x00000000eab00000)
  object space 65536K, 16% used [0x00000000c0000000,0x00000000c0a90ec0,0x00000000c4000000)
 Metaspace       used 27734K, capacity 28170K, committed 28416K, reserved 1073152K
  class space    used 3856K, capacity 3987K, committed 4096K, reserved 1048576K
}
Event: 7.697 GC heap before
{Heap before GC invocations=8 (full 1):
 PSYoungGen      total 97280K, used 95005K [0x00000000eab00000, 0x00000000f1700000, 0x0000000100000000)
  eden space 90112K, 100% used [0x00000000eab00000,0x00000000f0300000,0x00000000f0300000)
  from space 7168K, 68% used [0x00000000f1000000,0x00000000f14c75f8,0x00000000f1700000)
  to   space 10240K, 0% used [0x00000000f0300000,0x00000000f0300000,0x00000000f0d00000)
 ParOldGen       total 65536K, used 10819K [0x00000000c0000000, 0x00000000c4000000, 0x00000000eab00000)
  object space 65536K, 16% used [0x00000000c0000000,0x00000000c0a90ec0,0x00000000c4000000)
 Metaspace       used 33302K, capacity 33862K, committed 34048K, reserved 1079296K
  class space    used 4585K, capacity 4752K, committed 4864K, reserved 1048576K
Event: 7.712 GC heap after
Heap after GC invocations=8 (full 1):
 PSYoungGen      total 100352K, used 10222K [0x00000000eab00000, 0x00000000f3800000, 0x0000000100000000)
  eden space 90112K, 0% used [0x00000000eab00000,0x00000000eab00000,0x00000000f0300000)
  from space 10240K, 99% used [0x00000000f0300000,0x00000000f0cfbb18,0x00000000f0d00000)
  to   space 12288K, 0% used [0x00000000f2c00000,0x00000000f2c00000,0x00000000f3800000)
 ParOldGen       total 65536K, used 12260K [0x00000000c0000000, 0x00000000c4000000, 0x00000000eab00000)
  object space 65536K, 18% used [0x00000000c0000000,0x00000000c0bf92b0,0x00000000c4000000)
 Metaspace       used 33302K, capacity 33862K, committed 34048K, reserved 1079296K
  class space    used 4585K, capacity 4752K, committed 4864K, reserved 1048576K
}
Event: 8.296 GC heap before
{Heap before GC invocations=9 (full 1):
 PSYoungGen      total 100352K, used 47941K [0x00000000eab00000, 0x00000000f3800000, 0x0000000100000000)
  eden space 90112K, 41% used [0x00000000eab00000,0x00000000ecfd5bd0,0x00000000f0300000)
  from space 10240K, 99% used [0x00000000f0300000,0x00000000f0cfbb18,0x00000000f0d00000)
  to   space 12288K, 0% used [0x00000000f2c00000,0x00000000f2c00000,0x00000000f3800000)
 ParOldGen       total 65536K, used 12260K [0x00000000c0000000, 0x00000000c4000000, 0x00000000eab00000)
  object space 65536K, 18% used [0x00000000c0000000,0x00000000c0bf92b0,0x00000000c4000000)
 Metaspace       used 34730K, capacity 35326K, committed 35456K, reserved 1079296K
  class space    used 4802K, capacity 4919K, committed 4992K, reserved 1048576K
Event: 8.318 GC heap after
Heap after GC invocations=9 (full 1):
 PSYoungGen      total 130560K, used 12154K [0x00000000eab00000, 0x00000000f4700000, 0x0000000100000000)
  eden space 118272K, 0% used [0x00000000eab00000,0x00000000eab00000,0x00000000f1e80000)
  from space 12288K, 98% used [0x00000000f2c00000,0x00000000f37dea20,0x00000000f3800000)
  to   space 13824K, 0% used [0x00000000f1e80000,0x00000000f1e80000,0x00000000f2c00000)
 ParOldGen       total 65536K, used 12260K [0x00000000c0000000, 0x00000000c4000000, 0x00000000eab00000)
  object space 65536K, 18% used [0x00000000c0000000,0x00000000c0bf92b0,0x00000000c4000000)
 Metaspace       used 34730K, capacity 35326K, committed 35456K, reserved 1079296K
  class space    used 4802K, capacity 4919K, committed 4992K, reserved 1048576K
}
Event: 8.318 GC heap before
{Heap before GC invocations=10 (full 2):
 PSYoungGen      total 130560K, used 12154K [0x00000000eab00000, 0x00000000f4700000, 0x0000000100000000)
  eden space 118272K, 0% used [0x00000000eab00000,0x00000000eab00000,0x00000000f1e80000)
  from space 12288K, 98% used [0x00000000f2c00000,0x00000000f37dea20,0x00000000f3800000)
  to   space 13824K, 0% used [0x00000000f1e80000,0x00000000f1e80000,0x00000000f2c00000)
 ParOldGen       total 65536K, used 12260K [0x00000000c0000000, 0x00000000c4000000, 0x00000000eab00000)
  object space 65536K, 18% used [0x00000000c0000000,0x00000000c0bf92b0,0x00000000c4000000)
 Metaspace       used 34730K, capacity 35326K, committed 35456K, reserved 1079296K
  class space    used 4802K, capacity 4919K, committed 4992K, reserved 1048576K

